#
# There is insufficient memory for the Java Runtime Environment to continue.
# Native memory allocation (malloc) failed to allocate 1375296 bytes for Chunk::new
# Possible reasons:
#   The system is out of physical RAM or swap space
#   In 32 bit mode, the process size limit was hit
# Possible solutions:
#   Reduce memory load on the system
#   Increase physical memory or swap space
#   Check if swap backing store is full
#   Use 64 bit Java on a 64 bit OS
#   Decrease Java heap size (-Xmx/-Xms)
#   Decrease number of Java threads
#   Decrease Java thread stack sizes (-Xss)
#   Set larger code cache with -XX:ReservedCodeCacheSize=
# This output file may be truncated or incomplete.
#
#  Out of Memory Error (allocation.cpp:390), pid=9312, tid=0x00000000000056cc
#
# JRE version: OpenJDK Runtime Environment (8.0_152-b02) (build 1.8.0_152-release-1024-b02)
# Java VM: OpenJDK 64-Bit Server VM (25.152-b02 mixed mode windows-amd64 compressed oops)
# Failed to write core dump. Minidumps are not enabled by default on client versions of Windows
#

---------------  T H R E A D  ---------------

Current thread (0x00000000186ab000):  JavaThread "C2 CompilerThread0" daemon [_thread_in_native, id=22220, stack(0x0000000018c60000,0x0000000018d60000)]

Stack: [0x0000000018c60000,0x0000000018d60000]
[error occurred during error reporting (printing stack bounds), id 0xc0000005]

Native frames: (J=compiled Java code, j=interpreted, Vv=VM code, C=native code)


Current CompileTask:
C2:   8021 5691       4       java.net.URLClassLoader$1::run (5 bytes)


---------------  P R O C E S S  ---------------

Java Threads: ( => current thread )
  0x000000001ce40000 JavaThread "Memory manager" [_thread_blocked, id=13288, stack(0x00000000229e0000,0x0000000022ae0000)]
  0x000000001ce3e800 JavaThread "pool-1-thread-1" [_thread_blocked, id=1736, stack(0x00000000226e0000,0x00000000227e0000)]
  0x000000001ce3f800 JavaThread "build operations Thread 6" [_thread_blocked, id=20288, stack(0x00000000221e0000,0x00000000222e0000)]
  0x000000001cc9a000 JavaThread "build operations Thread 5" [_thread_blocked, id=19172, stack(0x00000000220e0000,0x00000000221e0000)]
  0x000000001cc9d800 JavaThread "build operations Thread 4" [_thread_blocked, id=6624, stack(0x0000000021fe0000,0x00000000220e0000)]
  0x000000001cc9f000 JavaThread "build operations Thread 3" [_thread_blocked, id=21116, stack(0x0000000021ee0000,0x0000000021fe0000)]
  0x000000001cc9c000 JavaThread "build operations Thread 2" [_thread_blocked, id=15400, stack(0x0000000021de0000,0x0000000021ee0000)]
  0x000000001cc9b800 JavaThread "build operations" [_thread_blocked, id=22036, stack(0x0000000021ce0000,0x0000000021de0000)]
  0x000000001cc9a800 JavaThread "Cache worker for Artifact transforms cache (C:\Users\single\.gradle\caches\transforms-1)" [_thread_blocked, id=18728, stack(0x0000000021780000,0x0000000021880000)]
  0x000000001a592000 JavaThread "Cache worker for file hash cache (C:\Users\single\Desktop\Xposed_0w1\.gradle\4.1\fileHashes)" [_thread_blocked, id=20940, stack(0x000000001ca10000,0x000000001cb10000)]
  0x000000001aa6b800 JavaThread "File lock request listener" [_thread_in_native, id=19960, stack(0x000000001c910000,0x000000001ca10000)]
  0x000000001aa52800 JavaThread "Cache worker for file hash cache (C:\Users\single\.gradle\caches\4.1\fileHashes)" [_thread_blocked, id=15296, stack(0x000000001c810000,0x000000001c910000)]
  0x000000001a0a5800 JavaThread "Stdin handler" [_thread_blocked, id=14648, stack(0x000000001c510000,0x000000001c610000)]
  0x000000001a0a5000 JavaThread "Asynchronous log dispatcher for DefaultDaemonConnection: socket connection from /127.0.0.1:11950 to /127.0.0.1:11951" [_thread_blocked, id=18156, stack(0x000000001c410000,0x000000001c510000)]
  0x000000001a0a2000 JavaThread "Daemon worker" [_thread_in_Java, id=5712, stack(0x000000001c310000,0x000000001c410000)]
  0x0000000019ccd800 JavaThread "Cancel handler" [_thread_blocked, id=21876, stack(0x000000001c210000,0x000000001c310000)]
  0x0000000019da9000 JavaThread "Handler for socket connection from /127.0.0.1:11950 to /127.0.0.1:11951" [_thread_in_native, id=12960, stack(0x000000001bf10000,0x000000001c010000)]
  0x0000000019da8800 JavaThread "Daemon" [_thread_blocked, id=11848, stack(0x000000001be10000,0x000000001bf10000)]
  0x0000000019f25800 JavaThread "Daemon periodic checks" [_thread_blocked, id=15128, stack(0x000000001bd10000,0x000000001be10000)]
  0x000000001a05b800 JavaThread "Incoming local TCP Connector on port 11950" [_thread_in_native, id=13688, stack(0x000000001bc10000,0x000000001bd10000)]
  0x000000001871d800 JavaThread "Service Thread" daemon [_thread_blocked, id=14580, stack(0x0000000018f60000,0x0000000019060000)]
  0x00000000186ad000 JavaThread "C1 CompilerThread2" daemon [_thread_in_native, id=19156, stack(0x0000000018e60000,0x0000000018f60000)]
  0x0000000016c7e000 JavaThread "C2 CompilerThread1" daemon [_thread_in_native, id=11920, stack(0x0000000018d60000,0x0000000018e60000)]
=>0x00000000186ab000 JavaThread "C2 CompilerThread0" daemon [_thread_in_native, id=22220, stack(0x0000000018c60000,0x0000000018d60000)]
  0x00000000186aa000 JavaThread "Attach Listener" daemon [_thread_blocked, id=19032, stack(0x0000000018b60000,0x0000000018c60000)]
  0x0000000016c6f000 JavaThread "Signal Dispatcher" daemon [_thread_blocked, id=22260, stack(0x0000000018a60000,0x0000000018b60000)]
  0x000000000308d800 JavaThread "Finalizer" daemon [_thread_blocked, id=10948, stack(0x0000000018500000,0x0000000018600000)]
  0x0000000003084800 JavaThread "Reference Handler" daemon [_thread_blocked, id=1488, stack(0x0000000018400000,0x0000000018500000)]
  0x0000000002e8d800 JavaThread "main" [_thread_blocked, id=15444, stack(0x0000000002e90000,0x0000000002f90000)]

Other Threads:
  0x0000000016c26000 VMThread [stack: 0x0000000018300000,0x0000000018400000] [id=17612]
  0x000000001871e800 WatcherThread [stack: 0x0000000019060000,0x0000000019160000] [id=18264]

VM state:not at safepoint (normal execution)

VM Mutex/Monitor currently owned by a thread: None

Heap:
 PSYoungGen      total 114176K, used 72303K [0x00000000e0000000, 0x00000000e8080000, 0x0000000100000000)
  eden space 102912K, 59% used [0x00000000e0000000,0x00000000e3ba0388,0x00000000e6480000)
  from space 11264K, 99% used [0x00000000e7580000,0x00000000e807baf8,0x00000000e8080000)
  to   space 13824K, 0% used [0x00000000e6580000,0x00000000e6580000,0x00000000e7300000)
 ParOldGen       total 135168K, used 20553K [0x00000000a0000000, 0x00000000a8400000, 0x00000000e0000000)
  object space 135168K, 15% used [0x00000000a0000000,0x00000000a1412640,0x00000000a8400000)
 Metaspace       used 51548K, capacity 53240K, committed 53376K, reserved 1095680K
  class space    used 7045K, capacity 7501K, committed 7552K, reserved 1048576K

Card table byte_map: [0x0000000012450000,0x0000000012760000] byte_map_base: 0x0000000011f50000

Marking Bits: (ParMarkBitMap*) 0x000000006f9d4970
 Begin Bits: [0x0000000012f60000, 0x0000000014760000)
 End Bits:   [0x0000000014760000, 0x0000000015f60000)

Polling page: 0x0000000002ab0000

CodeCache: size=245760Kb used=18221Kb max_used=18221Kb free=227538Kb
 bounds [0x0000000003090000, 0x0000000004270000, 0x0000000012090000]
 total_blobs=6055 nmethods=5302 adapters=665
 compilation: enabled

Compilation events (10 events):
Event: 8.010 Thread 0x00000000186ad000 nmethod 5766 0x000000000425ce90 code [0x000000000425d000, 0x000000000425d228]
Event: 8.010 Thread 0x00000000186ad000 5767       3       org.gradle.initialization.MixInLegacyTypesClassLoader$TransformingAdapter::visitMethod (129 bytes)
Event: 8.010 Thread 0x00000000186ad000 nmethod 5767 0x000000000425d2d0 code [0x000000000425d5a0, 0x000000000425edd8]
Event: 8.010 Thread 0x00000000186ad000 5768       3       org.objectweb.asm.ClassVisitor::visitMethod (24 bytes)
Event: 8.010 Thread 0x00000000186ad000 nmethod 5768 0x000000000425f850 code [0x000000000425f9c0, 0x000000000425fc28]
Event: 8.012 Thread 0x00000000186ad000 5769       3       org.gradle.api.internal.AsmBackedClassGenerator$ClassBuilderImpl::addSetter (58 bytes)
Event: 8.012 Thread 0x00000000186ad000 nmethod 5769 0x000000000425fd10 code [0x000000000425fee0, 0x0000000004260548]
Event: 8.012 Thread 0x00000000186ad000 5771       3       com.google.common.cache.LocalCache$WeakEntry::setValueReference (6 bytes)
Event: 8.013 Thread 0x00000000186ad000 nmethod 5771 0x0000000004260c10 code [0x0000000004260d60, 0x0000000004260ed0]
Event: 8.019 Thread 0x00000000186ad000 5772       3       org.objectweb.asm.ClassReader::readFrameType (162 bytes)

GC Heap History (10 events):
Event: 3.954 GC heap before
{Heap before GC invocations=6 (full 1):
 PSYoungGen      total 76288K, used 72129K [0x00000000e0000000, 0x00000000e8080000, 0x0000000100000000)
  eden space 65536K, 100% used [0x00000000e0000000,0x00000000e4000000,0x00000000e4000000)
  from space 10752K, 61% used [0x00000000e4a80000,0x00000000e50f0720,0x00000000e5500000)
  to   space 10752K, 0% used [0x00000000e4000000,0x00000000e4000000,0x00000000e4a80000)
 ParOldGen       total 92160K, used 6710K [0x00000000a0000000, 0x00000000a5a00000, 0x00000000e0000000)
  object space 92160K, 7% used [0x00000000a0000000,0x00000000a068d8a8,0x00000000a5a00000)
 Metaspace       used 29821K, capacity 30568K, committed 30848K, reserved 1075200K
  class space    used 4164K, capacity 4387K, committed 4480K, reserved 1048576K
Event: 3.963 GC heap after
Heap after GC invocations=6 (full 1):
 PSYoungGen      total 76288K, used 9766K [0x00000000e0000000, 0x00000000e8280000, 0x0000000100000000)
  eden space 65536K, 0% used [0x00000000e0000000,0x00000000e0000000,0x00000000e4000000)
  from space 10752K, 90% used [0x00000000e4000000,0x00000000e4989960,0x00000000e4a80000)
  to   space 13312K, 0% used [0x00000000e7580000,0x00000000e7580000,0x00000000e8280000)
 ParOldGen       total 92160K, used 6718K [0x00000000a0000000, 0x00000000a5a00000, 0x00000000e0000000)
  object space 92160K, 7% used [0x00000000a0000000,0x00000000a068f8a8,0x00000000a5a00000)
 Metaspace       used 29821K, capacity 30568K, committed 30848K, reserved 1075200K
  class space    used 4164K, capacity 4387K, committed 4480K, reserved 1048576K
}
Event: 5.799 GC heap before
{Heap before GC invocations=7 (full 1):
 PSYoungGen      total 76288K, used 44704K [0x00000000e0000000, 0x00000000e8280000, 0x0000000100000000)
  eden space 65536K, 53% used [0x00000000e0000000,0x00000000e221e848,0x00000000e4000000)
  from space 10752K, 90% used [0x00000000e4000000,0x00000000e4989960,0x00000000e4a80000)
  to   space 13312K, 0% used [0x00000000e7580000,0x00000000e7580000,0x00000000e8280000)
 ParOldGen       total 92160K, used 6718K [0x00000000a0000000, 0x00000000a5a00000, 0x00000000e0000000)
  object space 92160K, 7% used [0x00000000a0000000,0x00000000a068f8a8,0x00000000a5a00000)
 Metaspace       used 34419K, capacity 35270K, committed 35416K, reserved 1079296K
  class space    used 4777K, capacity 5066K, committed 5120K, reserved 1048576K
Event: 5.805 GC heap after
Heap after GC invocations=7 (full 1):
 PSYoungGen      total 114176K, used 11162K [0x00000000e0000000, 0x00000000e8080000, 0x0000000100000000)
  eden space 102912K, 0% used [0x00000000e0000000,0x00000000e0000000,0x00000000e6480000)
  from space 11264K, 99% used [0x00000000e7580000,0x00000000e80669f8,0x00000000e8080000)
  to   space 13824K, 0% used [0x00000000e6580000,0x00000000e6580000,0x00000000e7300000)
 ParOldGen       total 92160K, used 6726K [0x00000000a0000000, 0x00000000a5a00000, 0x00000000e0000000)
  object space 92160K, 7% used [0x00000000a0000000,0x00000000a06918a8,0x00000000a5a00000)
 Metaspace       used 34419K, capacity 35270K, committed 35416K, reserved 1079296K
  class space    used 4777K, capacity 5066K, committed 5120K, reserved 1048576K
}
Event: 5.805 GC heap before
{Heap before GC invocations=8 (full 2):
 PSYoungGen      total 114176K, used 11162K [0x00000000e0000000, 0x00000000e8080000, 0x0000000100000000)
  eden space 102912K, 0% used [0x00000000e0000000,0x00000000e0000000,0x00000000e6480000)
  from space 11264K, 99% used [0x00000000e7580000,0x00000000e80669f8,0x00000000e8080000)
  to   space 13824K, 0% used [0x00000000e6580000,0x00000000e6580000,0x00000000e7300000)
 ParOldGen       total 92160K, used 6726K [0x00000000a0000000, 0x00000000a5a00000, 0x00000000e0000000)
  object space 92160K, 7% used [0x00000000a0000000,0x00000000a06918a8,0x00000000a5a00000)
 Metaspace       used 34419K, capacity 35270K, committed 35416K, reserved 1079296K
  class space    used 4777K, capacity 5066K, committed 5120K, reserved 1048576K
Event: 5.863 GC heap after
Heap after GC invocations=8 (full 2):
 PSYoungGen      total 114176K, used 0K [0x00000000e0000000, 0x00000000e8080000, 0x0000000100000000)
  eden space 102912K, 0% used [0x00000000e0000000,0x00000000e0000000,0x00000000e6480000)
  from space 11264K, 0% used [0x00000000e7580000,0x00000000e7580000,0x00000000e8080000)
  to   space 13824K, 0% used [0x00000000e6580000,0x00000000e6580000,0x00000000e7300000)
 ParOldGen       total 135168K, used 17188K [0x00000000a0000000, 0x00000000a8400000, 0x00000000e0000000)
  object space 135168K, 12% used [0x00000000a0000000,0x00000000a10c9270,0x00000000a8400000)
 Metaspace       used 34419K, capacity 35270K, committed 35416K, reserved 1079296K
  class space    used 4777K, capacity 5066K, committed 5120K, reserved 1048576K
}
Event: 6.673 GC heap before
{Heap before GC invocations=9 (full 2):
 PSYoungGen      total 114176K, used 102912K [0x00000000e0000000, 0x00000000e8080000, 0x0000000100000000)
  eden space 102912K, 100% used [0x00000000e0000000,0x00000000e6480000,0x00000000e6480000)
  from space 11264K, 0% used [0x00000000e7580000,0x00000000e7580000,0x00000000e8080000)
  to   space 13824K, 0% used [0x00000000e6580000,0x00000000e6580000,0x00000000e7300000)
 ParOldGen       total 135168K, used 17188K [0x00000000a0000000, 0x00000000a8400000, 0x00000000e0000000)
  object space 135168K, 12% used [0x00000000a0000000,0x00000000a10c9270,0x00000000a8400000)
 Metaspace       used 40308K, capacity 41278K, committed 41472K, reserved 1085440K
  class space    used 5482K, capacity 5797K, committed 5888K, reserved 1048576K
Event: 6.682 GC heap after
Heap after GC invocations=9 (full 2):
 PSYoungGen      total 116736K, used 11645K [0x00000000e0000000, 0x00000000e8080000, 0x0000000100000000)
  eden space 102912K, 0% used [0x00000000e0000000,0x00000000e0000000,0x00000000e6480000)
  from space 13824K, 84% used [0x00000000e6580000,0x00000000e70df4c8,0x00000000e7300000)
  to   space 11264K, 0% used [0x00000000e7580000,0x00000000e7580000,0x00000000e8080000)
 ParOldGen       total 135168K, used 17196K [0x00000000a0000000, 0x00000000a8400000, 0x00000000e0000000)
  object space 135168K, 12% used [0x00000000a0000000,0x00000000a10cb270,0x00000000a8400000)
 Metaspace       used 40308K, capacity 41278K, committed 41472K, reserved 1085440K
  class space    used 5482K, capacity 5797K, committed 5888K, reserved 1048576K
}
Event: 7.491 GC heap before
{Heap before GC invocations=10 (full 2):
 PSYoungGen      total 116736K, used 114557K [0x00000000e0000000, 0x00000000e8080000, 0x0000000100000000)
  eden space 102912K, 100% used [0x00000000e0000000,0x00000000e6480000,0x00000000e6480000)
  from space 13824K, 84% used [0x00000000e6580000,0x00000000e70df4c8,0x00000000e7300000)
  to   space 11264K, 0% used [0x00000000e7580000,0x00000000e7580000,0x00000000e8080000)
 ParOldGen       total 135168K, used 17196K [0x00000000a0000000, 0x00000000a8400000, 0x00000000e0000000)
  object space 135168K, 12% used [0x00000000a0000000,0x00000000a10cb270,0x00000000a8400000)
 Metaspace       used 47567K, capacity 48800K, committed 49024K, reserved 1091584K
  class space    used 6392K, capacity 6736K, committed 6784K, reserved 1048576K
Event: 7.501 GC heap after
Heap after GC invocations=10 (full 2):
 PSYoungGen      total 114176K, used 11246K [0x00000000e0000000, 0x00000000e8080000, 0x0000000100000000)
  eden space 102912K, 0% used [0x00000000e0000000,0x00000000e0000000,0x00000000e6480000)
  from space 11264K, 99% used [0x00000000e7580000,0x00000000e807baf8,0x00000000e8080000)
  to   space 13824K, 0% used [0x00000000e6580000,0x00000000e6580000,0x00000000e7300000)
 ParOldGen       total 135168K, used 20553K [0x00000000a0000000, 0x00000000a8400000, 0x00000000e0000000)
  object space 135168K, 15% used [0x00000000a0000000,0x00000000a1412640,0x00000000a8400000)
 Metaspace       used 47567K, capacity 48800K, committed 49024K, reserved 1091584K
  class space    used 6392K, capacity 6736K, committed 6784K, reserved 1048576K
}

Deoptimization events (10 events):
Event: 7.791 Thread 0x000000001a0a2000 Uncommon trap: reason=unstable_if action=reinterpret pc=0x0000000003a6abfc method=org.objectweb.asm.Type.getArgumentsAndReturnSizes(Ljava/lang/String;)I @ 47
Event: 7.791 Thread 0x000000001a0a2000 Uncommon trap: reason=unstable_if action=reinterpret pc=0x0000000003d9c154 method=org.objectweb.asm.Type.getArgumentsAndReturnSizes(Ljava/lang/String;)I @ 47
Event: 7.813 Thread 0x000000001a0a2000 Uncommon trap: reason=unstable_if action=reinterpret pc=0x00000000034ab814 method=java.util.TreeMap.put(Ljava/lang/Object;Ljava/lang/Object;)Ljava/lang/Object; @ 163
Event: 7.920 Thread 0x000000001a0a2000 Uncommon trap: reason=class_check action=maybe_recompile pc=0x000000000348bc48 method=org.gradle.internal.logging.text.AbstractLineChoppingStyledTextOutput$StateContext.flushLineText()V @ 110
Event: 7.920 Thread 0x000000001a0a2000 Uncommon trap: reason=class_check action=maybe_recompile pc=0x000000000348bc48 method=org.gradle.internal.logging.text.AbstractLineChoppingStyledTextOutput$StateContext.flushLineText()V @ 110
Event: 7.927 Thread 0x000000001a0a2000 Uncommon trap: reason=class_check action=maybe_recompile pc=0x0000000003bd93b8 method=org.gradle.model.internal.type.ModelType.wrap(Ljava/lang/reflect/Type;)Lorg/gradle/model/internal/type/TypeWrapper; @ 33
Event: 7.927 Thread 0x000000001a0a2000 Uncommon trap: reason=class_check action=maybe_recompile pc=0x0000000003bd94e4 method=org.gradle.model.internal.type.ModelType.wrap(Ljava/lang/reflect/Type;)Lorg/gradle/model/internal/type/TypeWrapper; @ 83
Event: 7.928 Thread 0x000000001a0a2000 Uncommon trap: reason=class_check action=maybe_recompile pc=0x0000000003bd93b8 method=org.gradle.model.internal.type.ModelType.wrap(Ljava/lang/reflect/Type;)Lorg/gradle/model/internal/type/TypeWrapper; @ 33
Event: 7.928 Thread 0x000000001a0a2000 Uncommon trap: reason=class_check action=maybe_recompile pc=0x0000000003bd94e4 method=org.gradle.model.internal.type.ModelType.wrap(Ljava/lang/reflect/Type;)Lorg/gradle/model/internal/type/TypeWrapper; @ 83
Event: 7.976 Thread 0x000000001a0a2000 Uncommon trap: reason=unstable_if action=reinterpret pc=0x0000000003b8e480 method=java.lang.reflect.AccessibleObject.setAccessible0(Ljava/lang/reflect/AccessibleObject;Z)V @ 23

Classes redefined (0 events):
No events

Internal exceptions (10 events):
Event: 7.982 Thread 0x000000001a0a2000 Exception <a 'java/lang/ClassNotFoundException': org/jetbrains/plugins/gradle/model/ear/EarConfigurationBeanInfo> (0x00000000e33412f0) thrown at [D:\src\AOSP-openjdk-cygwin\jdk8u\hotspot\src\share\vm\classfile\systemDictionary.cpp, line 210]
Event: 7.982 Thread 0x000000001a0a2000 Exception <a 'java/lang/ClassNotFoundException': org/jetbrains/plugins/gradle/model/ear/EarConfigurationCustomizer> (0x00000000e334f600) thrown at [D:\src\AOSP-openjdk-cygwin\jdk8u\hotspot\src\share\vm\classfile\systemDictionary.cpp, line 210]
Event: 7.983 Thread 0x000000001a0a2000 Exception <a 'java/lang/ClassNotFoundException': org/jetbrains/plugins/gradle/model/scala/ScalaModelBeanInfo> (0x00000000e338a050) thrown at [D:\src\AOSP-openjdk-cygwin\jdk8u\hotspot\src\share\vm\classfile\systemDictionary.cpp, line 210]
Event: 7.984 Thread 0x000000001a0a2000 Exception <a 'java/lang/ClassNotFoundException': org/jetbrains/plugins/gradle/model/scala/ScalaModelCustomizer> (0x00000000e3397db0) thrown at [D:\src\AOSP-openjdk-cygwin\jdk8u\hotspot\src\share\vm\classfile\systemDictionary.cpp, line 210]
Event: 7.984 Thread 0x000000001a0a2000 Exception <a 'java/lang/ClassNotFoundException': org/jetbrains/plugins/gradle/model/ExternalProjectBeanInfo> (0x00000000e33bfdf8) thrown at [D:\src\AOSP-openjdk-cygwin\jdk8u\hotspot\src\share\vm\classfile\systemDictionary.cpp, line 210]
Event: 7.984 Thread 0x000000001a0a2000 Exception <a 'java/lang/ClassNotFoundException': org/jetbrains/plugins/gradle/model/ExternalProjectCustomizer> (0x00000000e33cd868) thrown at [D:\src\AOSP-openjdk-cygwin\jdk8u\hotspot\src\share\vm\classfile\systemDictionary.cpp, line 210]
Event: 7.985 Thread 0x000000001a0a2000 Exception <a 'java/lang/ClassNotFoundException': org/jetbrains/plugins/gradle/model/ExternalProjectPreviewBeanInfo> (0x00000000e3408b48) thrown at [D:\src\AOSP-openjdk-cygwin\jdk8u\hotspot\src\share\vm\classfile\systemDictionary.cpp, line 210]
Event: 7.985 Thread 0x000000001a0a2000 Exception <a 'java/lang/ClassNotFoundException': org/jetbrains/plugins/gradle/model/ExternalProjectPreviewCustomizer> (0x00000000e34175c8) thrown at [D:\src\AOSP-openjdk-cygwin\jdk8u\hotspot\src\share\vm\classfile\systemDictionary.cpp, line 210]
Event: 7.987 Thread 0x000000001a0a2000 Exception <a 'java/lang/ClassNotFoundException': org/jetbrains/plugins/gradle/model/IntelliJProjectSettingsBeanInfo> (0x00000000e34471e0) thrown at [D:\src\AOSP-openjdk-cygwin\jdk8u\hotspot\src\share\vm\classfile\systemDictionary.cpp, line 210]
Event: 7.987 Thread 0x000000001a0a2000 Exception <a 'java/lang/ClassNotFoundException': org/jetbrains/plugins/gradle/model/IntelliJProjectSettingsCustomizer> (0x00000000e3455c70) thrown at [D:\src\AOSP-openjdk-cygwin\jdk8u\hotspot\src\share\vm\classfile\systemDictionary.cpp, line 210]

Events (10 events):
Event: 8.017 loading class org/gradle/plugins/ide/idea/IdeaPlugin$6
Event: 8.017 loading class org/gradle/plugins/ide/idea/IdeaPlugin$6 done
Event: 8.017 loading class org/gradle/plugins/ide/idea/IdeaPlugin$7
Event: 8.017 loading class org/gradle/plugins/ide/idea/IdeaPlugin$7 done
Event: 8.017 loading class org/gradle/plugins/ide/idea/IdeaPlugin$8
Event: 8.017 loading class org/gradle/plugins/ide/idea/IdeaPlugin$8 done
Event: 8.018 loading class org/gradle/plugins/ide/idea/GenerateIdeaModule
Event: 8.018 loading class org/gradle/plugins/ide/idea/GenerateIdeaModule done
Event: 8.018 loading class org/gradle/plugins/ide/idea/model/Module
Event: 8.018 loading class org/gradle/plugins/ide/idea/model/Module done


Dynamic libraries:
0x00007ff62c1b0000 - 0x00007ff62c1e1000 	D:\Program Files\Android\Android Studio\jre\bin\java.exe
0x00007ffc42d30000 - 0x00007ffc42f11000 	C:\WINDOWS\SYSTEM32\ntdll.dll
0x00007ffc403d0000 - 0x00007ffc40482000 	C:\WINDOWS\System32\KERNEL32.DLL
0x00007ffc3f100000 - 0x00007ffc3f373000 	C:\WINDOWS\System32\KERNELBASE.dll
0x00007ffc420c0000 - 0x00007ffc42161000 	C:\WINDOWS\System32\ADVAPI32.dll
0x00007ffc41930000 - 0x00007ffc419ce000 	C:\WINDOWS\System32\msvcrt.dll
0x00007ffc42b70000 - 0x00007ffc42bcb000 	C:\WINDOWS\System32\sechost.dll
0x00007ffc42170000 - 0x00007ffc42294000 	C:\WINDOWS\System32\RPCRT4.dll
0x00007ffc40220000 - 0x00007ffc403b0000 	C:\WINDOWS\System32\USER32.dll
0x00007ffc3faf0000 - 0x00007ffc3fb10000 	C:\WINDOWS\System32\win32u.dll
0x00007ffc41f60000 - 0x00007ffc41f88000 	C:\WINDOWS\System32\GDI32.dll
0x00007ffc3fd00000 - 0x00007ffc3fe92000 	C:\WINDOWS\System32\gdi32full.dll
0x00007ffc3fea0000 - 0x00007ffc3ff3f000 	C:\WINDOWS\System32\msvcp_win.dll
0x00007ffc400c0000 - 0x00007ffc401ba000 	C:\WINDOWS\System32\ucrtbase.dll
0x00007ffc37350000 - 0x00007ffc375b9000 	C:\WINDOWS\WinSxS\amd64_microsoft.windows.common-controls_6595b64144ccf1df_6.0.17134.48_none_b4b2216a3cb4dd3e\COMCTL32.dll
0x00007ffc41b10000 - 0x00007ffc41e33000 	C:\WINDOWS\System32\combase.dll
0x00007ffc3ff90000 - 0x00007ffc4000a000 	C:\WINDOWS\System32\bcryptPrimitives.dll
0x00007ffc41ae0000 - 0x00007ffc41b0d000 	C:\WINDOWS\System32\IMM32.DLL
0x000000006f100000 - 0x000000006f1d2000 	D:\Program Files\Android\Android Studio\jre\jre\bin\msvcr100.dll
0x000000006f210000 - 0x000000006fa4f000 	D:\Program Files\Android\Android Studio\jre\jre\bin\server\jvm.dll
0x00007ffc419d0000 - 0x00007ffc419d8000 	C:\WINDOWS\System32\PSAPI.DLL
0x00007ffc2e4a0000 - 0x00007ffc2e4a9000 	C:\WINDOWS\SYSTEM32\WSOCK32.dll
0x00007ffc3a520000 - 0x00007ffc3a52a000 	C:\WINDOWS\SYSTEM32\VERSION.dll
0x00007ffc3ce70000 - 0x00007ffc3ce93000 	C:\WINDOWS\SYSTEM32\WINMM.dll
0x00007ffc42040000 - 0x00007ffc420ac000 	C:\WINDOWS\System32\WS2_32.dll
0x00007ffc3cd60000 - 0x00007ffc3cd8a000 	C:\WINDOWS\SYSTEM32\WINMMBASE.dll
0x00007ffc3ff40000 - 0x00007ffc3ff89000 	C:\WINDOWS\System32\cfgmgr32.dll
0x00007ffc3c2b0000 - 0x00007ffc3c2bf000 	D:\Program Files\Android\Android Studio\jre\jre\bin\verify.dll
0x00007ffc3c1a0000 - 0x00007ffc3c1c9000 	D:\Program Files\Android\Android Studio\jre\jre\bin\java.dll
0x00007ffc3b560000 - 0x00007ffc3b576000 	D:\Program Files\Android\Android Studio\jre\jre\bin\zip.dll
0x00007ffc40490000 - 0x00007ffc418d0000 	C:\WINDOWS\System32\SHELL32.dll
0x00007ffc41f90000 - 0x00007ffc42039000 	C:\WINDOWS\System32\shcore.dll
0x00007ffc3f3e0000 - 0x00007ffc3faed000 	C:\WINDOWS\System32\windows.storage.dll
0x00007ffc401c0000 - 0x00007ffc40211000 	C:\WINDOWS\System32\shlwapi.dll
0x00007ffc3f0e0000 - 0x00007ffc3f0f1000 	C:\WINDOWS\System32\kernel.appcore.dll
0x00007ffc3f0b0000 - 0x00007ffc3f0cf000 	C:\WINDOWS\System32\profapi.dll
0x00007ffc3f040000 - 0x00007ffc3f08c000 	C:\WINDOWS\System32\powrprof.dll
0x00007ffc3f0d0000 - 0x00007ffc3f0da000 	C:\WINDOWS\System32\FLTLIB.DLL
0x00007ffc3b540000 - 0x00007ffc3b55a000 	D:\Program Files\Android\Android Studio\jre\jre\bin\net.dll
0x00007ffc3e8c0000 - 0x00007ffc3e926000 	C:\WINDOWS\system32\mswsock.dll
0x00007ffc3aab0000 - 0x00007ffc3aac1000 	D:\Program Files\Android\Android Studio\jre\jre\bin\nio.dll
0x00007ffc39570000 - 0x00007ffc3958e000 	C:\Users\single\.gradle\native\25\windows-amd64\native-platform.dll
0x00007ffc3c2a0000 - 0x00007ffc3c2ad000 	D:\Program Files\Android\Android Studio\jre\jre\bin\management.dll
0x00007ffc3ea80000 - 0x00007ffc3ea97000 	C:\WINDOWS\SYSTEM32\CRYPTSP.dll
0x00007ffc3e4a0000 - 0x00007ffc3e4d3000 	C:\WINDOWS\system32\rsaenh.dll
0x00007ffc3eba0000 - 0x00007ffc3ebc5000 	C:\WINDOWS\SYSTEM32\bcrypt.dll
0x00007ffc3ef40000 - 0x00007ffc3ef68000 	C:\WINDOWS\SYSTEM32\USERENV.dll
0x00007ffc3ea70000 - 0x00007ffc3ea7b000 	C:\WINDOWS\SYSTEM32\CRYPTBASE.dll
0x00007ffc3e640000 - 0x00007ffc3e678000 	C:\WINDOWS\SYSTEM32\IPHLPAPI.DLL
0x00007ffc41ad0000 - 0x00007ffc41ad8000 	C:\WINDOWS\System32\NSI.dll
0x00007ffc38e70000 - 0x00007ffc38e86000 	C:\WINDOWS\SYSTEM32\dhcpcsvc6.DLL
0x00007ffc397d0000 - 0x00007ffc397ea000 	C:\WINDOWS\SYSTEM32\dhcpcsvc.DLL

VM Arguments:
jvm_args: -Xmx1536m -Dfile.encoding=GBK -Duser.country=CN -Duser.language=zh -Duser.variant 
java_command: org.gradle.launcher.daemon.bootstrap.GradleDaemon 4.1
java_class_path (initial): C:\Users\single\.gradle\wrapper\dists\gradle-4.1-all\bzyivzo6n839fup2jbap0tjew\gradle-4.1\lib\gradle-launcher-4.1.jar
Launcher Type: SUN_STANDARD

Environment Variables:
PATH=C:\Windows\system32;C:\Windows;C:\Windows\System32\Wbem;C:\Windows\System32\WindowsPowerShell\v1.0\;C:\Program Files (x86)\NVIDIA Corporation\PhysX\Common;%SystemRoot%\system32;%SystemRoot%;%SystemRoot%\System32\Wbem;%SYSTEMROOT%\System32\WindowsPowerShell\v1.0\;%SYSTEMROOT%\System32\OpenSSH\;C:\Users\single\AppData\Local\Microsoft\WindowsApps;
USERNAME=single
OS=Windows_NT
PROCESSOR_IDENTIFIER=Intel64 Family 6 Model 158 Stepping 10, GenuineIntel



---------------  S Y S T E M  ---------------

OS: Windows 10.0 , 64 bit Build 17134 (10.0.17134.1)

CPU:total 6 (initial active 6) (6 cores per cpu, 1 threads per core) family 6 model 158 stepping 10, cmov, cx8, fxsr, mmx, sse, sse2, sse3, ssse3, sse4.1, sse4.2, popcnt, avx, avx2, aes, clmul, erms, 3dnowpref, lzcnt, tsc, tscinvbit, bmi1, bmi2, adx

Memory: 4k page, physical 16740312k(4586852k free), swap 16740312k(6448k free)

vm_info: OpenJDK 64-Bit Server VM (25.152-b02) for windows-amd64 JRE (1.8.0_152-release-1024-b02), built by "builder" with MS VC++ 10.0 (VS2010)

time: Mon Jun 11 18:48:16 2018
elapsed time: 8 seconds (0d 0h 0m 8s)

